# JRE version: Java(TM) SE Runtime Environment (8.0_111-b14) (build 1.8.0_111-b14)
# Java VM: Java HotSpot(TM) 64-Bit Server VM (25.111-b14 mixed mode linux-amd64 compressed oops)
Heap:
 PSYoungGen      total 40448K, used 8393K [0x00000000e3d80000, 0x00000000e6f80000, 0x0000000100000000)
  eden space 36864K, 13% used [0x00000000e3d80000,0x00000000e423a768,0x00000000e6180000)
  from space 3584K, 99% used [0x00000000e6c00000,0x00000000e6f78080,0x00000000e6f80000)
  to   space 3584K, 0% used [0x00000000e6880000,0x00000000e6880000,0x00000000e6c00000)
 ParOldGen       total 43520K, used 11652K [0x00000000ab800000, 0x00000000ae280000, 0x00000000e3d80000)
  object space 43520K, 26% used [0x00000000ab800000,0x00000000ac3613f8,0x00000000ae280000)
 Metaspace       used 23630K, capacity 24964K, committed 25088K, reserved 1071104K
  class space    used 3205K, capacity 3468K, committed 3584K, reserved 1048576K
GC Heap History (10 events):
Event: 3.265 GC heap before
{Heap before GC invocations=1 (full 0):
 PSYoungGen      total 25600K, used 22016K [0x00000000e3d80000, 0x00000000e5a00000, 0x0000000100000000)
  eden space 22016K, 100% used [0x00000000e3d80000,0x00000000e5300000,0x00000000e5300000)
  from space 3584K, 0% used [0x00000000e5680000,0x00000000e5680000,0x00000000e5a00000)
  to   space 3584K, 0% used [0x00000000e5300000,0x00000000e5300000,0x00000000e5680000)
 ParOldGen       total 58880K, used 0K [0x00000000ab800000, 0x00000000af180000, 0x00000000e3d80000)
  object space 58880K, 0% used [0x00000000ab800000,0x00000000ab800000,0x00000000af180000)
 Metaspace       used 12409K, capacity 12850K, committed 13056K, reserved 1060864K
  class space    used 1609K, capacity 1743K, committed 1792K, reserved 1048576K
Event: 3.285 GC heap after
Heap after GC invocations=1 (full 0):
 PSYoungGen      total 25600K, used 3552K [0x00000000e3d80000, 0x00000000e5a00000, 0x0000000100000000)
  eden space 22016K, 0% used [0x00000000e3d80000,0x00000000e3d80000,0x00000000e5300000)
  from space 3584K, 99% used [0x00000000e5300000,0x00000000e5678060,0x00000000e5680000)
  to   space 3584K, 0% used [0x00000000e5680000,0x00000000e5680000,0x00000000e5a00000)
 ParOldGen       total 58880K, used 1229K [0x00000000ab800000, 0x00000000af180000, 0x00000000e3d80000)
  object space 58880K, 2% used [0x00000000ab800000,0x00000000ab933718,0x00000000af180000)
 Metaspace       used 12409K, capacity 12850K, committed 13056K, reserved 1060864K
  class space    used 1609K, capacity 1743K, committed 1792K, reserved 1048576K
}
Event: 11.575 GC heap before
{Heap before GC invocations=2 (full 0):
 PSYoungGen      total 25600K, used 25568K [0x00000000e3d80000, 0x00000000e5a00000, 0x0000000100000000)
  eden space 22016K, 100% used [0x00000000e3d80000,0x00000000e5300000,0x00000000e5300000)
  from space 3584K, 99% used [0x00000000e5300000,0x00000000e5678060,0x00000000e5680000)
  to   space 3584K, 0% used [0x00000000e5680000,0x00000000e5680000,0x00000000e5a00000)
 ParOldGen       total 58880K, used 1229K [0x00000000ab800000, 0x00000000af180000, 0x00000000e3d80000)
  object space 58880K, 2% used [0x00000000ab800000,0x00000000ab933718,0x00000000af180000)
 Metaspace       used 19603K, capacity 20536K, committed 20736K, reserved 1067008K
  class space    used 2740K, capacity 2984K, committed 3072K, reserved 1048576K
Event: 11.606 GC heap after
Heap after GC invocations=2 (full 0):
 PSYoungGen      total 25600K, used 3579K [0x00000000e3d80000, 0x00000000e5a00000, 0x0000000100000000)
  eden space 22016K, 0% used [0x00000000e3d80000,0x00000000e3d80000,0x00000000e5300000)
  from space 3584K, 99% used [0x00000000e5680000,0x00000000e59fee00,0x00000000e5a00000)
  to   space 3584K, 0% used [0x00000000e5300000,0x00000000e5300000,0x00000000e5680000)
 ParOldGen       total 58880K, used 5744K [0x00000000ab800000, 0x00000000af180000, 0x00000000e3d80000)
  object space 58880K, 9% used [0x00000000ab800000,0x00000000abd9c200,0x00000000af180000)
 Metaspace       used 19603K, capacity 20536K, committed 20736K, reserved 1067008K
  class space    used 2740K, capacity 2984K, committed 3072K, reserved 1048576K
}
Event: 11.745 GC heap before
{Heap before GC invocations=3 (full 0):
 PSYoungGen      total 25600K, used 5565K [0x00000000e3d80000, 0x00000000e5a00000, 0x0000000100000000)
  eden space 22016K, 9% used [0x00000000e3d80000,0x00000000e3f709a0,0x00000000e5300000)
  from space 3584K, 99% used [0x00000000e5680000,0x00000000e59fee00,0x00000000e5a00000)
  to   space 3584K, 0% used [0x00000000e5300000,0x00000000e5300000,0x00000000e5680000)
 ParOldGen       total 58880K, used 5744K [0x00000000ab800000, 0x00000000af180000, 0x00000000e3d80000)
  object space 58880K, 9% used [0x00000000ab800000,0x00000000abd9c200,0x00000000af180000)
 Metaspace       used 20305K, capacity 21144K, committed 21248K, reserved 1067008K
  class space    used 2809K, capacity 3016K, committed 3072K, reserved 1048576K
Event: 11.759 GC heap after
Heap after GC invocations=3 (full 0):
 PSYoungGen      total 25600K, used 3552K [0x00000000e3d80000, 0x00000000e6f80000, 0x0000000100000000)
  eden space 22016K, 0% used [0x00000000e3d80000,0x00000000e3d80000,0x00000000e5300000)
  from space 3584K, 99% used [0x00000000e5300000,0x00000000e5678050,0x00000000e5680000)
  to   space 3584K, 0% used [0x00000000e6c00000,0x00000000e6c00000,0x00000000e6f80000)
 ParOldGen       total 58880K, used 6173K [0x00000000ab800000, 0x00000000af180000, 0x00000000e3d80000)
  object space 58880K, 10% used [0x00000000ab800000,0x00000000abe07600,0x00000000af180000)
 Metaspace       used 20305K, capacity 21144K, committed 21248K, reserved 1067008K
  class space    used 2809K, capacity 3016K, committed 3072K, reserved 1048576K
}
Event: 11.759 GC heap before
{Heap before GC invocations=4 (full 1):
 PSYoungGen      total 25600K, used 3552K [0x00000000e3d80000, 0x00000000e6f80000, 0x0000000100000000)
  eden space 22016K, 0% used [0x00000000e3d80000,0x00000000e3d80000,0x00000000e5300000)
  from space 3584K, 99% used [0x00000000e5300000,0x00000000e5678050,0x00000000e5680000)
  to   space 3584K, 0% used [0x00000000e6c00000,0x00000000e6c00000,0x00000000e6f80000)
 ParOldGen       total 58880K, used 6173K [0x00000000ab800000, 0x00000000af180000, 0x00000000e3d80000)
  object space 58880K, 10% used [0x00000000ab800000,0x00000000abe07600,0x00000000af180000)
 Metaspace       used 20305K, capacity 21144K, committed 21248K, reserved 1067008K
  class space    used 2809K, capacity 3016K, committed 3072K, reserved 1048576K
Event: 11.910 GC heap after
Heap after GC invocations=4 (full 1):
 PSYoungGen      total 25600K, used 0K [0x00000000e3d80000, 0x00000000e6f80000, 0x0000000100000000)
  eden space 22016K, 0% used [0x00000000e3d80000,0x00000000e3d80000,0x00000000e5300000)
  from space 3584K, 0% used [0x00000000e5300000,0x00000000e5300000,0x00000000e5680000)
  to   space 3584K, 0% used [0x00000000e6c00000,0x00000000e6c00000,0x00000000e6f80000)
 ParOldGen       total 43520K, used 9142K [0x00000000ab800000, 0x00000000ae280000, 0x00000000e3d80000)
  object space 43520K, 21% used [0x00000000ab800000,0x00000000ac0edbe0,0x00000000ae280000)
 Metaspace       used 20305K, capacity 21144K, committed 21248K, reserved 1067008K
  class space    used 2809K, capacity 3016K, committed 3072K, reserved 1048576K
}
Event: 14.469 GC heap before
{Heap before GC invocations=5 (full 1):
 PSYoungGen      total 25600K, used 22016K [0x00000000e3d80000, 0x00000000e6f80000, 0x0000000100000000)
  eden space 22016K, 100% used [0x00000000e3d80000,0x00000000e5300000,0x00000000e5300000)
  from space 3584K, 0% used [0x00000000e5300000,0x00000000e5300000,0x00000000e5680000)
  to   space 3584K, 0% used [0x00000000e6c00000,0x00000000e6c00000,0x00000000e6f80000)
 ParOldGen       total 43520K, used 9142K [0x00000000ab800000, 0x00000000ae280000, 0x00000000e3d80000)
  object space 43520K, 21% used [0x00000000ab800000,0x00000000ac0edbe0,0x00000000ae280000)
 Metaspace       used 23568K, capacity 24900K, committed 25088K, reserved 1071104K
  class space    used 3205K, capacity 3468K, committed 3584K, reserved 1048576K
Event: 14.490 GC heap after
Heap after GC invocations=5 (full 1):
 PSYoungGen      total 40448K, used 3552K [0x00000000e3d80000, 0x00000000e6f80000, 0x0000000100000000)
  eden space 36864K, 0% used [0x00000000e3d80000,0x00000000e3d80000,0x00000000e6180000)
  from space 3584K, 99% used [0x00000000e6c00000,0x00000000e6f78080,0x00000000e6f80000)
  to   space 3584K, 0% used [0x00000000e6880000,0x00000000e6880000,0x00000000e6c00000)
 ParOldGen       total 43520K, used 11652K [0x00000000ab800000, 0x00000000ae280000, 0x00000000e3d80000)
  object space 43520K, 26% used [0x00000000ab800000,0x00000000ac3613f8,0x00000000ae280000)
 Metaspace       used 23568K, capacity 24900K, committed 25088K, reserved 1071104K
  class space    used 3205K, capacity 3468K, committed 3584K, reserved 1048576K
}

