# JRE version: Java(TM) SE Runtime Environment (8.0_111-b14) (build 1.8.0_111-b14)
# Java VM: Java HotSpot(TM) 64-Bit Server VM (25.111-b14 mixed mode linux-amd64 compressed oops)
Heap:
 PSYoungGen      total 42496K, used 7183K [0x00000000e3d80000, 0x00000000e6f80000, 0x0000000100000000)
  eden space 38912K, 9% used [0x00000000e3d80000,0x00000000e4107e00,0x00000000e6380000)
  from space 3584K, 99% used [0x00000000e6c00000,0x00000000e6f7c070,0x00000000e6f80000)
  to   space 3584K, 0% used [0x00000000e6880000,0x00000000e6880000,0x00000000e6c00000)
 ParOldGen       total 41984K, used 11693K [0x00000000ab800000, 0x00000000ae100000, 0x00000000e3d80000)
  object space 41984K, 27% used [0x00000000ab800000,0x00000000ac36b750,0x00000000ae100000)
 Metaspace       used 23457K, capacity 24822K, committed 25088K, reserved 1071104K
  class space    used 3201K, capacity 3469K, committed 3584K, reserved 1048576K
GC Heap History (10 events):
Event: 3.171 GC heap before
{Heap before GC invocations=1 (full 0):
 PSYoungGen      total 25600K, used 22016K [0x00000000e3d80000, 0x00000000e5a00000, 0x0000000100000000)
  eden space 22016K, 100% used [0x00000000e3d80000,0x00000000e5300000,0x00000000e5300000)
  from space 3584K, 0% used [0x00000000e5680000,0x00000000e5680000,0x00000000e5a00000)
  to   space 3584K, 0% used [0x00000000e5300000,0x00000000e5300000,0x00000000e5680000)
 ParOldGen       total 58880K, used 0K [0x00000000ab800000, 0x00000000af180000, 0x00000000e3d80000)
  object space 58880K, 0% used [0x00000000ab800000,0x00000000ab800000,0x00000000af180000)
 Metaspace       used 12407K, capacity 12836K, committed 13056K, reserved 1060864K
  class space    used 1621K, capacity 1746K, committed 1792K, reserved 1048576K
Event: 3.194 GC heap after
Heap after GC invocations=1 (full 0):
 PSYoungGen      total 25600K, used 3552K [0x00000000e3d80000, 0x00000000e5a00000, 0x0000000100000000)
  eden space 22016K, 0% used [0x00000000e3d80000,0x00000000e3d80000,0x00000000e5300000)
  from space 3584K, 99% used [0x00000000e5300000,0x00000000e5678040,0x00000000e5680000)
  to   space 3584K, 0% used [0x00000000e5680000,0x00000000e5680000,0x00000000e5a00000)
 ParOldGen       total 58880K, used 1360K [0x00000000ab800000, 0x00000000af180000, 0x00000000e3d80000)
  object space 58880K, 2% used [0x00000000ab800000,0x00000000ab954200,0x00000000af180000)
 Metaspace       used 12407K, capacity 12836K, committed 13056K, reserved 1060864K
  class space    used 1621K, capacity 1746K, committed 1792K, reserved 1048576K
}
Event: 14.410 GC heap before
{Heap before GC invocations=2 (full 0):
 PSYoungGen      total 25600K, used 25568K [0x00000000e3d80000, 0x00000000e5a00000, 0x0000000100000000)
  eden space 22016K, 100% used [0x00000000e3d80000,0x00000000e5300000,0x00000000e5300000)
  from space 3584K, 99% used [0x00000000e5300000,0x00000000e5678040,0x00000000e5680000)
  to   space 3584K, 0% used [0x00000000e5680000,0x00000000e5680000,0x00000000e5a00000)
 ParOldGen       total 58880K, used 1360K [0x00000000ab800000, 0x00000000af180000, 0x00000000e3d80000)
  object space 58880K, 2% used [0x00000000ab800000,0x00000000ab954200,0x00000000af180000)
 Metaspace       used 19665K, capacity 20490K, committed 20736K, reserved 1067008K
  class space    used 2758K, capacity 2953K, committed 3072K, reserved 1048576K
Event: 14.433 GC heap after
Heap after GC invocations=2 (full 0):
 PSYoungGen      total 25600K, used 3552K [0x00000000e3d80000, 0x00000000e5a00000, 0x0000000100000000)
  eden space 22016K, 0% used [0x00000000e3d80000,0x00000000e3d80000,0x00000000e5300000)
  from space 3584K, 99% used [0x00000000e5680000,0x00000000e59f8048,0x00000000e5a00000)
  to   space 3584K, 0% used [0x00000000e5300000,0x00000000e5300000,0x00000000e5680000)
 ParOldGen       total 58880K, used 5684K [0x00000000ab800000, 0x00000000af180000, 0x00000000e3d80000)
  object space 58880K, 9% used [0x00000000ab800000,0x00000000abd8d380,0x00000000af180000)
 Metaspace       used 19665K, capacity 20490K, committed 20736K, reserved 1067008K
  class space    used 2758K, capacity 2953K, committed 3072K, reserved 1048576K
}
Event: 14.556 GC heap before
{Heap before GC invocations=3 (full 0):
 PSYoungGen      total 25600K, used 5586K [0x00000000e3d80000, 0x00000000e5a00000, 0x0000000100000000)
  eden space 22016K, 9% used [0x00000000e3d80000,0x00000000e3f7cb78,0x00000000e5300000)
  from space 3584K, 99% used [0x00000000e5680000,0x00000000e59f8048,0x00000000e5a00000)
  to   space 3584K, 0% used [0x00000000e5300000,0x00000000e5300000,0x00000000e5680000)
 ParOldGen       total 58880K, used 5684K [0x00000000ab800000, 0x00000000af180000, 0x00000000e3d80000)
  object space 58880K, 9% used [0x00000000ab800000,0x00000000abd8d380,0x00000000af180000)
 Metaspace       used 20327K, capacity 21130K, committed 21248K, reserved 1067008K
  class space    used 2817K, capacity 3017K, committed 3072K, reserved 1048576K
Event: 14.570 GC heap after
Heap after GC invocations=3 (full 0):
 PSYoungGen      total 25600K, used 3554K [0x00000000e3d80000, 0x00000000e6f80000, 0x0000000100000000)
  eden space 22016K, 0% used [0x00000000e3d80000,0x00000000e3d80000,0x00000000e5300000)
  from space 3584K, 99% used [0x00000000e5300000,0x00000000e5678910,0x00000000e5680000)
  to   space 3584K, 0% used [0x00000000e6c00000,0x00000000e6c00000,0x00000000e6f80000)
 ParOldGen       total 58880K, used 6200K [0x00000000ab800000, 0x00000000af180000, 0x00000000e3d80000)
  object space 58880K, 10% used [0x00000000ab800000,0x00000000abe0e3d0,0x00000000af180000)
 Metaspace       used 20327K, capacity 21130K, committed 21248K, reserved 1067008K
  class space    used 2817K, capacity 3017K, committed 3072K, reserved 1048576K
}
Event: 14.570 GC heap before
{Heap before GC invocations=4 (full 1):
 PSYoungGen      total 25600K, used 3554K [0x00000000e3d80000, 0x00000000e6f80000, 0x0000000100000000)
  eden space 22016K, 0% used [0x00000000e3d80000,0x00000000e3d80000,0x00000000e5300000)
  from space 3584K, 99% used [0x00000000e5300000,0x00000000e5678910,0x00000000e5680000)
  to   space 3584K, 0% used [0x00000000e6c00000,0x00000000e6c00000,0x00000000e6f80000)
 ParOldGen       total 58880K, used 6200K [0x00000000ab800000, 0x00000000af180000, 0x00000000e3d80000)
  object space 58880K, 10% used [0x00000000ab800000,0x00000000abe0e3d0,0x00000000af180000)
 Metaspace       used 20327K, capacity 21130K, committed 21248K, reserved 1067008K
  class space    used 2817K, capacity 3017K, committed 3072K, reserved 1048576K
Event: 14.696 GC heap after
Heap after GC invocations=4 (full 1):
 PSYoungGen      total 25600K, used 0K [0x00000000e3d80000, 0x00000000e6f80000, 0x0000000100000000)
  eden space 22016K, 0% used [0x00000000e3d80000,0x00000000e3d80000,0x00000000e5300000)
  from space 3584K, 0% used [0x00000000e5300000,0x00000000e5300000,0x00000000e5680000)
  to   space 3584K, 0% used [0x00000000e6c00000,0x00000000e6c00000,0x00000000e6f80000)
 ParOldGen       total 41984K, used 9326K [0x00000000ab800000, 0x00000000ae100000, 0x00000000e3d80000)
  object space 41984K, 22% used [0x00000000ab800000,0x00000000ac11baf8,0x00000000ae100000)
 Metaspace       used 20327K, capacity 21130K, committed 21248K, reserved 1067008K
  class space    used 2817K, capacity 3017K, committed 3072K, reserved 1048576K
}
Event: 17.046 GC heap before
{Heap before GC invocations=5 (full 1):
 PSYoungGen      total 25600K, used 22016K [0x00000000e3d80000, 0x00000000e6f80000, 0x0000000100000000)
  eden space 22016K, 100% used [0x00000000e3d80000,0x00000000e5300000,0x00000000e5300000)
  from space 3584K, 0% used [0x00000000e5300000,0x00000000e5300000,0x00000000e5680000)
  to   space 3584K, 0% used [0x00000000e6c00000,0x00000000e6c00000,0x00000000e6f80000)
 ParOldGen       total 41984K, used 9326K [0x00000000ab800000, 0x00000000ae100000, 0x00000000e3d80000)
  object space 41984K, 22% used [0x00000000ab800000,0x00000000ac11baf8,0x00000000ae100000)
 Metaspace       used 23398K, capacity 24758K, committed 25088K, reserved 1071104K
  class space    used 3201K, capacity 3469K, committed 3584K, reserved 1048576K
Event: 17.069 GC heap after
Heap after GC invocations=5 (full 1):
 PSYoungGen      total 42496K, used 3568K [0x00000000e3d80000, 0x00000000e6f80000, 0x0000000100000000)
  eden space 38912K, 0% used [0x00000000e3d80000,0x00000000e3d80000,0x00000000e6380000)
  from space 3584K, 99% used [0x00000000e6c00000,0x00000000e6f7c070,0x00000000e6f80000)
  to   space 3584K, 0% used [0x00000000e6880000,0x00000000e6880000,0x00000000e6c00000)
 ParOldGen       total 41984K, used 11693K [0x00000000ab800000, 0x00000000ae100000, 0x00000000e3d80000)
  object space 41984K, 27% used [0x00000000ab800000,0x00000000ac36b750,0x00000000ae100000)
 Metaspace       used 23398K, capacity 24758K, committed 25088K, reserved 1071104K
  class space    used 3201K, capacity 3469K, committed 3584K, reserved 1048576K
}

