# JRE version: Java(TM) SE Runtime Environment (8.0_111-b14) (build 1.8.0_111-b14)
# Java VM: Java HotSpot(TM) 64-Bit Server VM (25.111-b14 mixed mode linux-amd64 compressed oops)
Heap:
 PSYoungGen      total 40448K, used 6287K [0x00000000e3d80000, 0x00000000e6f80000, 0x0000000100000000)
  eden space 36864K, 7% used [0x00000000e3d80000,0x00000000e402bcc0,0x00000000e6180000)
  from space 3584K, 99% used [0x00000000e6c00000,0x00000000e6f780c0,0x00000000e6f80000)
  to   space 3584K, 0% used [0x00000000e6880000,0x00000000e6880000,0x00000000e6c00000)
 ParOldGen       total 43008K, used 11615K [0x00000000ab800000, 0x00000000ae200000, 0x00000000e3d80000)
  object space 43008K, 27% used [0x00000000ab800000,0x00000000ac357e98,0x00000000ae200000)
 Metaspace       used 23314K, capacity 24692K, committed 24832K, reserved 1071104K
  class space    used 3186K, capacity 3468K, committed 3584K, reserved 1048576K
GC Heap History (10 events):
Event: 2.617 GC heap before
{Heap before GC invocations=1 (full 0):
 PSYoungGen      total 25600K, used 22016K [0x00000000e3d80000, 0x00000000e5a00000, 0x0000000100000000)
  eden space 22016K, 100% used [0x00000000e3d80000,0x00000000e5300000,0x00000000e5300000)
  from space 3584K, 0% used [0x00000000e5680000,0x00000000e5680000,0x00000000e5a00000)
  to   space 3584K, 0% used [0x00000000e5300000,0x00000000e5300000,0x00000000e5680000)
 ParOldGen       total 58880K, used 0K [0x00000000ab800000, 0x00000000af180000, 0x00000000e3d80000)
  object space 58880K, 0% used [0x00000000ab800000,0x00000000ab800000,0x00000000af180000)
 Metaspace       used 12415K, capacity 12842K, committed 13056K, reserved 1060864K
  class space    used 1623K, capacity 1749K, committed 1792K, reserved 1048576K
Event: 2.636 GC heap after
Heap after GC invocations=1 (full 0):
 PSYoungGen      total 25600K, used 3568K [0x00000000e3d80000, 0x00000000e5a00000, 0x0000000100000000)
  eden space 22016K, 0% used [0x00000000e3d80000,0x00000000e3d80000,0x00000000e5300000)
  from space 3584K, 99% used [0x00000000e5300000,0x00000000e567c050,0x00000000e5680000)
  to   space 3584K, 0% used [0x00000000e5680000,0x00000000e5680000,0x00000000e5a00000)
 ParOldGen       total 58880K, used 1320K [0x00000000ab800000, 0x00000000af180000, 0x00000000e3d80000)
  object space 58880K, 2% used [0x00000000ab800000,0x00000000ab94a200,0x00000000af180000)
 Metaspace       used 12415K, capacity 12842K, committed 13056K, reserved 1060864K
  class space    used 1623K, capacity 1749K, committed 1792K, reserved 1048576K
}
Event: 10.421 GC heap before
{Heap before GC invocations=2 (full 0):
 PSYoungGen      total 25600K, used 25584K [0x00000000e3d80000, 0x00000000e5a00000, 0x0000000100000000)
  eden space 22016K, 100% used [0x00000000e3d80000,0x00000000e5300000,0x00000000e5300000)
  from space 3584K, 99% used [0x00000000e5300000,0x00000000e567c050,0x00000000e5680000)
  to   space 3584K, 0% used [0x00000000e5680000,0x00000000e5680000,0x00000000e5a00000)
 ParOldGen       total 58880K, used 1320K [0x00000000ab800000, 0x00000000af180000, 0x00000000e3d80000)
  object space 58880K, 2% used [0x00000000ab800000,0x00000000ab94a200,0x00000000af180000)
 Metaspace       used 19687K, capacity 20548K, committed 20736K, reserved 1067008K
  class space    used 2758K, capacity 2952K, committed 3072K, reserved 1048576K
Event: 10.447 GC heap after
Heap after GC invocations=2 (full 0):
 PSYoungGen      total 25600K, used 3552K [0x00000000e3d80000, 0x00000000e5a00000, 0x0000000100000000)
  eden space 22016K, 0% used [0x00000000e3d80000,0x00000000e3d80000,0x00000000e5300000)
  from space 3584K, 99% used [0x00000000e5680000,0x00000000e59f8050,0x00000000e5a00000)
  to   space 3584K, 0% used [0x00000000e5300000,0x00000000e5300000,0x00000000e5680000)
 ParOldGen       total 58880K, used 5748K [0x00000000ab800000, 0x00000000af180000, 0x00000000e3d80000)
  object space 58880K, 9% used [0x00000000ab800000,0x00000000abd9d260,0x00000000af180000)
 Metaspace       used 19687K, capacity 20548K, committed 20736K, reserved 1067008K
  class space    used 2758K, capacity 2952K, committed 3072K, reserved 1048576K
}
Event: 10.594 GC heap before
{Heap before GC invocations=3 (full 0):
 PSYoungGen      total 25600K, used 5637K [0x00000000e3d80000, 0x00000000e5a00000, 0x0000000100000000)
  eden space 22016K, 9% used [0x00000000e3d80000,0x00000000e3f895c8,0x00000000e5300000)
  from space 3584K, 99% used [0x00000000e5680000,0x00000000e59f8050,0x00000000e5a00000)
  to   space 3584K, 0% used [0x00000000e5300000,0x00000000e5300000,0x00000000e5680000)
 ParOldGen       total 58880K, used 5748K [0x00000000ab800000, 0x00000000af180000, 0x00000000e3d80000)
  object space 58880K, 9% used [0x00000000ab800000,0x00000000abd9d260,0x00000000af180000)
 Metaspace       used 20374K, capacity 21188K, committed 21248K, reserved 1067008K
  class space    used 2824K, capacity 3016K, committed 3072K, reserved 1048576K
Event: 10.607 GC heap after
Heap after GC invocations=3 (full 0):
 PSYoungGen      total 25600K, used 3568K [0x00000000e3d80000, 0x00000000e6f80000, 0x0000000100000000)
  eden space 22016K, 0% used [0x00000000e3d80000,0x00000000e3d80000,0x00000000e5300000)
  from space 3584K, 99% used [0x00000000e5300000,0x00000000e567c060,0x00000000e5680000)
  to   space 3584K, 0% used [0x00000000e6c00000,0x00000000e6c00000,0x00000000e6f80000)
 ParOldGen       total 58880K, used 6171K [0x00000000ab800000, 0x00000000af180000, 0x00000000e3d80000)
  object space 58880K, 10% used [0x00000000ab800000,0x00000000abe06c88,0x00000000af180000)
 Metaspace       used 20374K, capacity 21188K, committed 21248K, reserved 1067008K
  class space    used 2824K, capacity 3016K, committed 3072K, reserved 1048576K
}
Event: 10.607 GC heap before
{Heap before GC invocations=4 (full 1):
 PSYoungGen      total 25600K, used 3568K [0x00000000e3d80000, 0x00000000e6f80000, 0x0000000100000000)
  eden space 22016K, 0% used [0x00000000e3d80000,0x00000000e3d80000,0x00000000e5300000)
  from space 3584K, 99% used [0x00000000e5300000,0x00000000e567c060,0x00000000e5680000)
  to   space 3584K, 0% used [0x00000000e6c00000,0x00000000e6c00000,0x00000000e6f80000)
 ParOldGen       total 58880K, used 6171K [0x00000000ab800000, 0x00000000af180000, 0x00000000e3d80000)
  object space 58880K, 10% used [0x00000000ab800000,0x00000000abe06c88,0x00000000af180000)
 Metaspace       used 20374K, capacity 21188K, committed 21248K, reserved 1067008K
  class space    used 2824K, capacity 3016K, committed 3072K, reserved 1048576K
Event: 10.736 GC heap after
Heap after GC invocations=4 (full 1):
 PSYoungGen      total 25600K, used 0K [0x00000000e3d80000, 0x00000000e6f80000, 0x0000000100000000)
  eden space 22016K, 0% used [0x00000000e3d80000,0x00000000e3d80000,0x00000000e5300000)
  from space 3584K, 0% used [0x00000000e5300000,0x00000000e5300000,0x00000000e5680000)
  to   space 3584K, 0% used [0x00000000e6c00000,0x00000000e6c00000,0x00000000e6f80000)
 ParOldGen       total 43008K, used 8952K [0x00000000ab800000, 0x00000000ae200000, 0x00000000e3d80000)
  object space 43008K, 20% used [0x00000000ab800000,0x00000000ac0be030,0x00000000ae200000)
 Metaspace       used 20374K, capacity 21188K, committed 21248K, reserved 1067008K
  class space    used 2824K, capacity 3016K, committed 3072K, reserved 1048576K
}
Event: 13.102 GC heap before
{Heap before GC invocations=5 (full 1):
 PSYoungGen      total 25600K, used 22016K [0x00000000e3d80000, 0x00000000e6f80000, 0x0000000100000000)
  eden space 22016K, 100% used [0x00000000e3d80000,0x00000000e5300000,0x00000000e5300000)
  from space 3584K, 0% used [0x00000000e5300000,0x00000000e5300000,0x00000000e5680000)
  to   space 3584K, 0% used [0x00000000e6c00000,0x00000000e6c00000,0x00000000e6f80000)
 ParOldGen       total 43008K, used 8952K [0x00000000ab800000, 0x00000000ae200000, 0x00000000e3d80000)
  object space 43008K, 20% used [0x00000000ab800000,0x00000000ac0be030,0x00000000ae200000)
 Metaspace       used 23266K, capacity 24628K, committed 24832K, reserved 1071104K
  class space    used 3186K, capacity 3468K, committed 3584K, reserved 1048576K
Event: 13.123 GC heap after
Heap after GC invocations=5 (full 1):
 PSYoungGen      total 40448K, used 3552K [0x00000000e3d80000, 0x00000000e6f80000, 0x0000000100000000)
  eden space 36864K, 0% used [0x00000000e3d80000,0x00000000e3d80000,0x00000000e6180000)
  from space 3584K, 99% used [0x00000000e6c00000,0x00000000e6f780c0,0x00000000e6f80000)
  to   space 3584K, 0% used [0x00000000e6880000,0x00000000e6880000,0x00000000e6c00000)
 ParOldGen       total 43008K, used 11615K [0x00000000ab800000, 0x00000000ae200000, 0x00000000e3d80000)
  object space 43008K, 27% used [0x00000000ab800000,0x00000000ac357e98,0x00000000ae200000)
 Metaspace       used 23266K, capacity 24628K, committed 24832K, reserved 1071104K
  class space    used 3186K, capacity 3468K, committed 3584K, reserved 1048576K
}

