# JRE version: Java(TM) SE Runtime Environment (8.0_111-b14) (build 1.8.0_111-b14)
# Java VM: Java HotSpot(TM) 64-Bit Server VM (25.111-b14 mixed mode linux-amd64 compressed oops)
Heap:
 PSYoungGen      total 39936K, used 7063K [0x00000000e3d80000, 0x00000000e6f80000, 0x0000000100000000)
  eden space 36352K, 9% used [0x00000000e3d80000,0x00000000e40eda98,0x00000000e6100000)
  from space 3584K, 99% used [0x00000000e6c00000,0x00000000e6f781d0,0x00000000e6f80000)
  to   space 3584K, 0% used [0x00000000e6880000,0x00000000e6880000,0x00000000e6c00000)
 ParOldGen       total 44032K, used 11941K [0x00000000ab800000, 0x00000000ae300000, 0x00000000e3d80000)
  object space 44032K, 27% used [0x00000000ab800000,0x00000000ac3a9470,0x00000000ae300000)
 Metaspace       used 23283K, capacity 24692K, committed 24832K, reserved 1071104K
  class space    used 3185K, capacity 3468K, committed 3584K, reserved 1048576K
GC Heap History (10 events):
Event: 2.635 GC heap before
{Heap before GC invocations=1 (full 0):
 PSYoungGen      total 25600K, used 22016K [0x00000000e3d80000, 0x00000000e5a00000, 0x0000000100000000)
  eden space 22016K, 100% used [0x00000000e3d80000,0x00000000e5300000,0x00000000e5300000)
  from space 3584K, 0% used [0x00000000e5680000,0x00000000e5680000,0x00000000e5a00000)
  to   space 3584K, 0% used [0x00000000e5300000,0x00000000e5300000,0x00000000e5680000)
 ParOldGen       total 58880K, used 0K [0x00000000ab800000, 0x00000000af180000, 0x00000000e3d80000)
  object space 58880K, 0% used [0x00000000ab800000,0x00000000ab800000,0x00000000af180000)
 Metaspace       used 12416K, capacity 12852K, committed 13056K, reserved 1060864K
  class space    used 1624K, capacity 1750K, committed 1792K, reserved 1048576K
Event: 2.656 GC heap after
Heap after GC invocations=1 (full 0):
 PSYoungGen      total 25600K, used 3552K [0x00000000e3d80000, 0x00000000e5a00000, 0x0000000100000000)
  eden space 22016K, 0% used [0x00000000e3d80000,0x00000000e3d80000,0x00000000e5300000)
  from space 3584K, 99% used [0x00000000e5300000,0x00000000e5678060,0x00000000e5680000)
  to   space 3584K, 0% used [0x00000000e5680000,0x00000000e5680000,0x00000000e5a00000)
 ParOldGen       total 58880K, used 1354K [0x00000000ab800000, 0x00000000af180000, 0x00000000e3d80000)
  object space 58880K, 2% used [0x00000000ab800000,0x00000000ab9529a8,0x00000000af180000)
 Metaspace       used 12416K, capacity 12852K, committed 13056K, reserved 1060864K
  class space    used 1624K, capacity 1750K, committed 1792K, reserved 1048576K
}
Event: 11.626 GC heap before
{Heap before GC invocations=2 (full 0):
 PSYoungGen      total 25600K, used 25568K [0x00000000e3d80000, 0x00000000e5a00000, 0x0000000100000000)
  eden space 22016K, 100% used [0x00000000e3d80000,0x00000000e5300000,0x00000000e5300000)
  from space 3584K, 99% used [0x00000000e5300000,0x00000000e5678060,0x00000000e5680000)
  to   space 3584K, 0% used [0x00000000e5680000,0x00000000e5680000,0x00000000e5a00000)
 ParOldGen       total 58880K, used 1354K [0x00000000ab800000, 0x00000000af180000, 0x00000000e3d80000)
  object space 58880K, 2% used [0x00000000ab800000,0x00000000ab9529a8,0x00000000af180000)
 Metaspace       used 19652K, capacity 20552K, committed 20736K, reserved 1067008K
  class space    used 2759K, capacity 2952K, committed 3072K, reserved 1048576K
Event: 11.654 GC heap after
Heap after GC invocations=2 (full 0):
 PSYoungGen      total 25600K, used 3565K [0x00000000e3d80000, 0x00000000e5a00000, 0x0000000100000000)
  eden space 22016K, 0% used [0x00000000e3d80000,0x00000000e3d80000,0x00000000e5300000)
  from space 3584K, 99% used [0x00000000e5680000,0x00000000e59fb768,0x00000000e5a00000)
  to   space 3584K, 0% used [0x00000000e5300000,0x00000000e5300000,0x00000000e5680000)
 ParOldGen       total 58880K, used 5788K [0x00000000ab800000, 0x00000000af180000, 0x00000000e3d80000)
  object space 58880K, 9% used [0x00000000ab800000,0x00000000abda73b8,0x00000000af180000)
 Metaspace       used 19652K, capacity 20552K, committed 20736K, reserved 1067008K
  class space    used 2759K, capacity 2952K, committed 3072K, reserved 1048576K
}
Event: 11.802 GC heap before
{Heap before GC invocations=3 (full 0):
 PSYoungGen      total 25600K, used 5425K [0x00000000e3d80000, 0x00000000e5a00000, 0x0000000100000000)
  eden space 22016K, 8% used [0x00000000e3d80000,0x00000000e3f50d60,0x00000000e5300000)
  from space 3584K, 99% used [0x00000000e5680000,0x00000000e59fb768,0x00000000e5a00000)
  to   space 3584K, 0% used [0x00000000e5300000,0x00000000e5300000,0x00000000e5680000)
 ParOldGen       total 58880K, used 5788K [0x00000000ab800000, 0x00000000af180000, 0x00000000e3d80000)
  object space 58880K, 9% used [0x00000000ab800000,0x00000000abda73b8,0x00000000af180000)
 Metaspace       used 20345K, capacity 21192K, committed 21248K, reserved 1067008K
  class space    used 2828K, capacity 3016K, committed 3072K, reserved 1048576K
Event: 11.815 GC heap after
Heap after GC invocations=3 (full 0):
 PSYoungGen      total 25600K, used 3552K [0x00000000e3d80000, 0x00000000e6f80000, 0x0000000100000000)
  eden space 22016K, 0% used [0x00000000e3d80000,0x00000000e3d80000,0x00000000e5300000)
  from space 3584K, 99% used [0x00000000e5300000,0x00000000e5678048,0x00000000e5680000)
  to   space 3584K, 0% used [0x00000000e6c00000,0x00000000e6c00000,0x00000000e6f80000)
 ParOldGen       total 58880K, used 6240K [0x00000000ab800000, 0x00000000af180000, 0x00000000e3d80000)
  object space 58880K, 10% used [0x00000000ab800000,0x00000000abe18258,0x00000000af180000)
 Metaspace       used 20345K, capacity 21192K, committed 21248K, reserved 1067008K
  class space    used 2828K, capacity 3016K, committed 3072K, reserved 1048576K
}
Event: 11.816 GC heap before
{Heap before GC invocations=4 (full 1):
 PSYoungGen      total 25600K, used 3552K [0x00000000e3d80000, 0x00000000e6f80000, 0x0000000100000000)
  eden space 22016K, 0% used [0x00000000e3d80000,0x00000000e3d80000,0x00000000e5300000)
  from space 3584K, 99% used [0x00000000e5300000,0x00000000e5678048,0x00000000e5680000)
  to   space 3584K, 0% used [0x00000000e6c00000,0x00000000e6c00000,0x00000000e6f80000)
 ParOldGen       total 58880K, used 6240K [0x00000000ab800000, 0x00000000af180000, 0x00000000e3d80000)
  object space 58880K, 10% used [0x00000000ab800000,0x00000000abe18258,0x00000000af180000)
 Metaspace       used 20345K, capacity 21192K, committed 21248K, reserved 1067008K
  class space    used 2828K, capacity 3016K, committed 3072K, reserved 1048576K
Event: 11.968 GC heap after
Heap after GC invocations=4 (full 1):
 PSYoungGen      total 25600K, used 0K [0x00000000e3d80000, 0x00000000e6f80000, 0x0000000100000000)
  eden space 22016K, 0% used [0x00000000e3d80000,0x00000000e3d80000,0x00000000e5300000)
  from space 3584K, 0% used [0x00000000e5300000,0x00000000e5300000,0x00000000e5680000)
  to   space 3584K, 0% used [0x00000000e6c00000,0x00000000e6c00000,0x00000000e6f80000)
 ParOldGen       total 44032K, used 9390K [0x00000000ab800000, 0x00000000ae300000, 0x00000000e3d80000)
  object space 44032K, 21% used [0x00000000ab800000,0x00000000ac12bb80,0x00000000ae300000)
 Metaspace       used 20345K, capacity 21192K, committed 21248K, reserved 1067008K
  class space    used 2828K, capacity 3016K, committed 3072K, reserved 1048576K
}
Event: 14.291 GC heap before
{Heap before GC invocations=5 (full 1):
 PSYoungGen      total 25600K, used 22016K [0x00000000e3d80000, 0x00000000e6f80000, 0x0000000100000000)
  eden space 22016K, 100% used [0x00000000e3d80000,0x00000000e5300000,0x00000000e5300000)
  from space 3584K, 0% used [0x00000000e5300000,0x00000000e5300000,0x00000000e5680000)
  to   space 3584K, 0% used [0x00000000e6c00000,0x00000000e6c00000,0x00000000e6f80000)
 ParOldGen       total 44032K, used 9390K [0x00000000ab800000, 0x00000000ae300000, 0x00000000e3d80000)
  object space 44032K, 21% used [0x00000000ab800000,0x00000000ac12bb80,0x00000000ae300000)
 Metaspace       used 23227K, capacity 24628K, committed 24832K, reserved 1071104K
  class space    used 3185K, capacity 3468K, committed 3584K, reserved 1048576K
Event: 14.313 GC heap after
Heap after GC invocations=5 (full 1):
 PSYoungGen      total 39936K, used 3552K [0x00000000e3d80000, 0x00000000e6f80000, 0x0000000100000000)
  eden space 36352K, 0% used [0x00000000e3d80000,0x00000000e3d80000,0x00000000e6100000)
  from space 3584K, 99% used [0x00000000e6c00000,0x00000000e6f781d0,0x00000000e6f80000)
  to   space 3584K, 0% used [0x00000000e6880000,0x00000000e6880000,0x00000000e6c00000)
 ParOldGen       total 44032K, used 11941K [0x00000000ab800000, 0x00000000ae300000, 0x00000000e3d80000)
  object space 44032K, 27% used [0x00000000ab800000,0x00000000ac3a9470,0x00000000ae300000)
 Metaspace       used 23227K, capacity 24628K, committed 24832K, reserved 1071104K
  class space    used 3185K, capacity 3468K, committed 3584K, reserved 1048576K
}

