# JRE version: Java(TM) SE Runtime Environment (8.0_111-b14) (build 1.8.0_111-b14)
# Java VM: Java HotSpot(TM) 64-Bit Server VM (25.111-b14 mixed mode linux-amd64 compressed oops)
Heap:
 PSYoungGen      total 40960K, used 7146K [0x00000000e3d80000, 0x00000000e6f80000, 0x0000000100000000)
  eden space 37376K, 9% used [0x00000000e3d80000,0x00000000e40fe8d0,0x00000000e6200000)
  from space 3584K, 99% used [0x00000000e6c00000,0x00000000e6f7c1d0,0x00000000e6f80000)
  to   space 3584K, 0% used [0x00000000e6880000,0x00000000e6880000,0x00000000e6c00000)
 ParOldGen       total 42496K, used 11825K [0x00000000ab800000, 0x00000000ae180000, 0x00000000e3d80000)
  object space 42496K, 27% used [0x00000000ab800000,0x00000000ac38c620,0x00000000ae180000)
 Metaspace       used 23518K, capacity 24900K, committed 25088K, reserved 1071104K
  class space    used 3195K, capacity 3470K, committed 3584K, reserved 1048576K
GC Heap History (10 events):
Event: 4.758 GC heap before
{Heap before GC invocations=1 (full 0):
 PSYoungGen      total 25600K, used 22016K [0x00000000e3d80000, 0x00000000e5a00000, 0x0000000100000000)
  eden space 22016K, 100% used [0x00000000e3d80000,0x00000000e5300000,0x00000000e5300000)
  from space 3584K, 0% used [0x00000000e5680000,0x00000000e5680000,0x00000000e5a00000)
  to   space 3584K, 0% used [0x00000000e5300000,0x00000000e5300000,0x00000000e5680000)
 ParOldGen       total 58880K, used 0K [0x00000000ab800000, 0x00000000af180000, 0x00000000e3d80000)
  object space 58880K, 0% used [0x00000000ab800000,0x00000000ab800000,0x00000000af180000)
 Metaspace       used 12391K, capacity 12836K, committed 13056K, reserved 1060864K
  class space    used 1620K, capacity 1744K, committed 1792K, reserved 1048576K
Event: 4.779 GC heap after
Heap after GC invocations=1 (full 0):
 PSYoungGen      total 25600K, used 3552K [0x00000000e3d80000, 0x00000000e5a00000, 0x0000000100000000)
  eden space 22016K, 0% used [0x00000000e3d80000,0x00000000e3d80000,0x00000000e5300000)
  from space 3584K, 99% used [0x00000000e5300000,0x00000000e5678020,0x00000000e5680000)
  to   space 3584K, 0% used [0x00000000e5680000,0x00000000e5680000,0x00000000e5a00000)
 ParOldGen       total 58880K, used 1346K [0x00000000ab800000, 0x00000000af180000, 0x00000000e3d80000)
  object space 58880K, 2% used [0x00000000ab800000,0x00000000ab9509a8,0x00000000af180000)
 Metaspace       used 12391K, capacity 12836K, committed 13056K, reserved 1060864K
  class space    used 1620K, capacity 1744K, committed 1792K, reserved 1048576K
}
Event: 17.634 GC heap before
{Heap before GC invocations=2 (full 0):
 PSYoungGen      total 25600K, used 25568K [0x00000000e3d80000, 0x00000000e5a00000, 0x0000000100000000)
  eden space 22016K, 100% used [0x00000000e3d80000,0x00000000e5300000,0x00000000e5300000)
  from space 3584K, 99% used [0x00000000e5300000,0x00000000e5678020,0x00000000e5680000)
  to   space 3584K, 0% used [0x00000000e5680000,0x00000000e5680000,0x00000000e5a00000)
 ParOldGen       total 58880K, used 1346K [0x00000000ab800000, 0x00000000af180000, 0x00000000e3d80000)
  object space 58880K, 2% used [0x00000000ab800000,0x00000000ab9509a8,0x00000000af180000)
 Metaspace       used 19100K, capacity 19984K, committed 20224K, reserved 1067008K
  class space    used 2701K, capacity 2954K, committed 3072K, reserved 1048576K
Event: 17.664 GC heap after
Heap after GC invocations=2 (full 0):
 PSYoungGen      total 25600K, used 3568K [0x00000000e3d80000, 0x00000000e5a00000, 0x0000000100000000)
  eden space 22016K, 0% used [0x00000000e3d80000,0x00000000e3d80000,0x00000000e5300000)
  from space 3584K, 99% used [0x00000000e5680000,0x00000000e59fc058,0x00000000e5a00000)
  to   space 3584K, 0% used [0x00000000e5300000,0x00000000e5300000,0x00000000e5680000)
 ParOldGen       total 58880K, used 5543K [0x00000000ab800000, 0x00000000af180000, 0x00000000e3d80000)
  object space 58880K, 9% used [0x00000000ab800000,0x00000000abd69ca0,0x00000000af180000)
 Metaspace       used 19100K, capacity 19984K, committed 20224K, reserved 1067008K
  class space    used 2701K, capacity 2954K, committed 3072K, reserved 1048576K
}
Event: 17.910 GC heap before
{Heap before GC invocations=3 (full 0):
 PSYoungGen      total 25600K, used 6432K [0x00000000e3d80000, 0x00000000e5a00000, 0x0000000100000000)
  eden space 22016K, 13% used [0x00000000e3d80000,0x00000000e404c018,0x00000000e5300000)
  from space 3584K, 99% used [0x00000000e5680000,0x00000000e59fc058,0x00000000e5a00000)
  to   space 3584K, 0% used [0x00000000e5300000,0x00000000e5300000,0x00000000e5680000)
 ParOldGen       total 58880K, used 5543K [0x00000000ab800000, 0x00000000af180000, 0x00000000e3d80000)
  object space 58880K, 9% used [0x00000000ab800000,0x00000000abd69ca0,0x00000000af180000)
 Metaspace       used 20361K, capacity 21168K, committed 21248K, reserved 1067008K
  class space    used 2810K, capacity 3050K, committed 3072K, reserved 1048576K
Event: 17.928 GC heap after
Heap after GC invocations=3 (full 0):
 PSYoungGen      total 25600K, used 3552K [0x00000000e3d80000, 0x00000000e6f80000, 0x0000000100000000)
  eden space 22016K, 0% used [0x00000000e3d80000,0x00000000e3d80000,0x00000000e5300000)
  from space 3584K, 99% used [0x00000000e5300000,0x00000000e5678048,0x00000000e5680000)
  to   space 3584K, 0% used [0x00000000e6c00000,0x00000000e6c00000,0x00000000e6f80000)
 ParOldGen       total 58880K, used 6211K [0x00000000ab800000, 0x00000000af180000, 0x00000000e3d80000)
  object space 58880K, 10% used [0x00000000ab800000,0x00000000abe10eb0,0x00000000af180000)
 Metaspace       used 20361K, capacity 21168K, committed 21248K, reserved 1067008K
  class space    used 2810K, capacity 3050K, committed 3072K, reserved 1048576K
}
Event: 17.928 GC heap before
{Heap before GC invocations=4 (full 1):
 PSYoungGen      total 25600K, used 3552K [0x00000000e3d80000, 0x00000000e6f80000, 0x0000000100000000)
  eden space 22016K, 0% used [0x00000000e3d80000,0x00000000e3d80000,0x00000000e5300000)
  from space 3584K, 99% used [0x00000000e5300000,0x00000000e5678048,0x00000000e5680000)
  to   space 3584K, 0% used [0x00000000e6c00000,0x00000000e6c00000,0x00000000e6f80000)
 ParOldGen       total 58880K, used 6211K [0x00000000ab800000, 0x00000000af180000, 0x00000000e3d80000)
  object space 58880K, 10% used [0x00000000ab800000,0x00000000abe10eb0,0x00000000af180000)
 Metaspace       used 20361K, capacity 21168K, committed 21248K, reserved 1067008K
  class space    used 2810K, capacity 3050K, committed 3072K, reserved 1048576K
Event: 18.084 GC heap after
Heap after GC invocations=4 (full 1):
 PSYoungGen      total 25600K, used 0K [0x00000000e3d80000, 0x00000000e6f80000, 0x0000000100000000)
  eden space 22016K, 0% used [0x00000000e3d80000,0x00000000e3d80000,0x00000000e5300000)
  from space 3584K, 0% used [0x00000000e5300000,0x00000000e5300000,0x00000000e5680000)
  to   space 3584K, 0% used [0x00000000e6c00000,0x00000000e6c00000,0x00000000e6f80000)
 ParOldGen       total 42496K, used 9287K [0x00000000ab800000, 0x00000000ae180000, 0x00000000e3d80000)
  object space 42496K, 21% used [0x00000000ab800000,0x00000000ac111df8,0x00000000ae180000)
 Metaspace       used 20361K, capacity 21168K, committed 21248K, reserved 1067008K
  class space    used 2810K, capacity 3050K, committed 3072K, reserved 1048576K
}
Event: 21.172 GC heap before
{Heap before GC invocations=5 (full 1):
 PSYoungGen      total 25600K, used 22016K [0x00000000e3d80000, 0x00000000e6f80000, 0x0000000100000000)
  eden space 22016K, 100% used [0x00000000e3d80000,0x00000000e5300000,0x00000000e5300000)
  from space 3584K, 0% used [0x00000000e5300000,0x00000000e5300000,0x00000000e5680000)
  to   space 3584K, 0% used [0x00000000e6c00000,0x00000000e6c00000,0x00000000e6f80000)
 ParOldGen       total 42496K, used 9287K [0x00000000ab800000, 0x00000000ae180000, 0x00000000e3d80000)
  object space 42496K, 21% used [0x00000000ab800000,0x00000000ac111df8,0x00000000ae180000)
 Metaspace       used 23435K, capacity 24772K, committed 25088K, reserved 1071104K
  class space    used 3195K, capacity 3470K, committed 3584K, reserved 1048576K
Event: 21.200 GC heap after
Heap after GC invocations=5 (full 1):
 PSYoungGen      total 40960K, used 3568K [0x00000000e3d80000, 0x00000000e6f80000, 0x0000000100000000)
  eden space 37376K, 0% used [0x00000000e3d80000,0x00000000e3d80000,0x00000000e6200000)
  from space 3584K, 99% used [0x00000000e6c00000,0x00000000e6f7c1d0,0x00000000e6f80000)
  to   space 3584K, 0% used [0x00000000e6880000,0x00000000e6880000,0x00000000e6c00000)
 ParOldGen       total 42496K, used 11825K [0x00000000ab800000, 0x00000000ae180000, 0x00000000e3d80000)
  object space 42496K, 27% used [0x00000000ab800000,0x00000000ac38c620,0x00000000ae180000)
 Metaspace       used 23435K, capacity 24772K, committed 25088K, reserved 1071104K
  class space    used 3195K, capacity 3470K, committed 3584K, reserved 1048576K
}

