# JRE version: Java(TM) SE Runtime Environment (8.0_111-b14) (build 1.8.0_111-b14)
# Java VM: Java HotSpot(TM) 64-Bit Server VM (25.111-b14 mixed mode linux-amd64 compressed oops)
Heap:
 PSYoungGen      total 39424K, used 6463K [0x00000000e3d80000, 0x00000000e6f80000, 0x0000000100000000)
  eden space 35840K, 8% used [0x00000000e3d80000,0x00000000e4053ca0,0x00000000e6080000)
  from space 3584K, 99% used [0x00000000e6c00000,0x00000000e6f7c1d0,0x00000000e6f80000)
  to   space 3584K, 0% used [0x00000000e6880000,0x00000000e6880000,0x00000000e6c00000)
 ParOldGen       total 45056K, used 11992K [0x00000000ab800000, 0x00000000ae400000, 0x00000000e3d80000)
  object space 45056K, 26% used [0x00000000ab800000,0x00000000ac3b6208,0x00000000ae400000)
 Metaspace       used 23351K, capacity 24760K, committed 25088K, reserved 1071104K
  class space    used 3199K, capacity 3468K, committed 3584K, reserved 1048576K
GC Heap History (10 events):
Event: 2.334 GC heap before
{Heap before GC invocations=1 (full 0):
 PSYoungGen      total 25600K, used 22016K [0x00000000e3d80000, 0x00000000e5a00000, 0x0000000100000000)
  eden space 22016K, 100% used [0x00000000e3d80000,0x00000000e5300000,0x00000000e5300000)
  from space 3584K, 0% used [0x00000000e5680000,0x00000000e5680000,0x00000000e5a00000)
  to   space 3584K, 0% used [0x00000000e5300000,0x00000000e5300000,0x00000000e5680000)
 ParOldGen       total 58880K, used 0K [0x00000000ab800000, 0x00000000af180000, 0x00000000e3d80000)
  object space 58880K, 0% used [0x00000000ab800000,0x00000000ab800000,0x00000000af180000)
 Metaspace       used 12402K, capacity 12840K, committed 13056K, reserved 1060864K
  class space    used 1620K, capacity 1744K, committed 1792K, reserved 1048576K
Event: 2.355 GC heap after
Heap after GC invocations=1 (full 0):
 PSYoungGen      total 25600K, used 3552K [0x00000000e3d80000, 0x00000000e5a00000, 0x0000000100000000)
  eden space 22016K, 0% used [0x00000000e3d80000,0x00000000e3d80000,0x00000000e5300000)
  from space 3584K, 99% used [0x00000000e5300000,0x00000000e5678040,0x00000000e5680000)
  to   space 3584K, 0% used [0x00000000e5680000,0x00000000e5680000,0x00000000e5a00000)
 ParOldGen       total 58880K, used 1325K [0x00000000ab800000, 0x00000000af180000, 0x00000000e3d80000)
  object space 58880K, 2% used [0x00000000ab800000,0x00000000ab94b608,0x00000000af180000)
 Metaspace       used 12402K, capacity 12840K, committed 13056K, reserved 1060864K
  class space    used 1620K, capacity 1744K, committed 1792K, reserved 1048576K
}
Event: 10.332 GC heap before
{Heap before GC invocations=2 (full 0):
 PSYoungGen      total 25600K, used 25568K [0x00000000e3d80000, 0x00000000e5a00000, 0x0000000100000000)
  eden space 22016K, 100% used [0x00000000e3d80000,0x00000000e5300000,0x00000000e5300000)
  from space 3584K, 99% used [0x00000000e5300000,0x00000000e5678040,0x00000000e5680000)
  to   space 3584K, 0% used [0x00000000e5680000,0x00000000e5680000,0x00000000e5a00000)
 ParOldGen       total 58880K, used 1325K [0x00000000ab800000, 0x00000000af180000, 0x00000000e3d80000)
  object space 58880K, 2% used [0x00000000ab800000,0x00000000ab94b608,0x00000000af180000)
 Metaspace       used 19725K, capacity 20552K, committed 20736K, reserved 1067008K
  class space    used 2762K, capacity 2952K, committed 3072K, reserved 1048576K
Event: 10.358 GC heap after
Heap after GC invocations=2 (full 0):
 PSYoungGen      total 25600K, used 3568K [0x00000000e3d80000, 0x00000000e5a00000, 0x0000000100000000)
  eden space 22016K, 0% used [0x00000000e3d80000,0x00000000e3d80000,0x00000000e5300000)
  from space 3584K, 99% used [0x00000000e5680000,0x00000000e59fc058,0x00000000e5a00000)
  to   space 3584K, 0% used [0x00000000e5300000,0x00000000e5300000,0x00000000e5680000)
 ParOldGen       total 58880K, used 5742K [0x00000000ab800000, 0x00000000af180000, 0x00000000e3d80000)
  object space 58880K, 9% used [0x00000000ab800000,0x00000000abd9bb30,0x00000000af180000)
 Metaspace       used 19725K, capacity 20552K, committed 20736K, reserved 1067008K
  class space    used 2762K, capacity 2952K, committed 3072K, reserved 1048576K
}
Event: 10.506 GC heap before
{Heap before GC invocations=3 (full 0):
 PSYoungGen      total 25600K, used 5704K [0x00000000e3d80000, 0x00000000e5a00000, 0x0000000100000000)
  eden space 22016K, 9% used [0x00000000e3d80000,0x00000000e3f96280,0x00000000e5300000)
  from space 3584K, 99% used [0x00000000e5680000,0x00000000e59fc058,0x00000000e5a00000)
  to   space 3584K, 0% used [0x00000000e5300000,0x00000000e5300000,0x00000000e5680000)
 ParOldGen       total 58880K, used 5742K [0x00000000ab800000, 0x00000000af180000, 0x00000000e3d80000)
  object space 58880K, 9% used [0x00000000ab800000,0x00000000abd9bb30,0x00000000af180000)
 Metaspace       used 20414K, capacity 21192K, committed 21248K, reserved 1067008K
  class space    used 2829K, capacity 3016K, committed 3072K, reserved 1048576K
Event: 10.519 GC heap after
Heap after GC invocations=3 (full 0):
 PSYoungGen      total 25600K, used 3552K [0x00000000e3d80000, 0x00000000e6f80000, 0x0000000100000000)
  eden space 22016K, 0% used [0x00000000e3d80000,0x00000000e3d80000,0x00000000e5300000)
  from space 3584K, 99% used [0x00000000e5300000,0x00000000e5678030,0x00000000e5680000)
  to   space 3584K, 0% used [0x00000000e6c00000,0x00000000e6c00000,0x00000000e6f80000)
 ParOldGen       total 58880K, used 6243K [0x00000000ab800000, 0x00000000af180000, 0x00000000e3d80000)
  object space 58880K, 10% used [0x00000000ab800000,0x00000000abe18c40,0x00000000af180000)
 Metaspace       used 20414K, capacity 21192K, committed 21248K, reserved 1067008K
  class space    used 2829K, capacity 3016K, committed 3072K, reserved 1048576K
}
Event: 10.519 GC heap before
{Heap before GC invocations=4 (full 1):
 PSYoungGen      total 25600K, used 3552K [0x00000000e3d80000, 0x00000000e6f80000, 0x0000000100000000)
  eden space 22016K, 0% used [0x00000000e3d80000,0x00000000e3d80000,0x00000000e5300000)
  from space 3584K, 99% used [0x00000000e5300000,0x00000000e5678030,0x00000000e5680000)
  to   space 3584K, 0% used [0x00000000e6c00000,0x00000000e6c00000,0x00000000e6f80000)
 ParOldGen       total 58880K, used 6243K [0x00000000ab800000, 0x00000000af180000, 0x00000000e3d80000)
  object space 58880K, 10% used [0x00000000ab800000,0x00000000abe18c40,0x00000000af180000)
 Metaspace       used 20414K, capacity 21192K, committed 21248K, reserved 1067008K
  class space    used 2829K, capacity 3016K, committed 3072K, reserved 1048576K
Event: 10.673 GC heap after
Heap after GC invocations=4 (full 1):
 PSYoungGen      total 25600K, used 0K [0x00000000e3d80000, 0x00000000e6f80000, 0x0000000100000000)
  eden space 22016K, 0% used [0x00000000e3d80000,0x00000000e3d80000,0x00000000e5300000)
  from space 3584K, 0% used [0x00000000e5300000,0x00000000e5300000,0x00000000e5680000)
  to   space 3584K, 0% used [0x00000000e6c00000,0x00000000e6c00000,0x00000000e6f80000)
 ParOldGen       total 45056K, used 9399K [0x00000000ab800000, 0x00000000ae400000, 0x00000000e3d80000)
  object space 45056K, 20% used [0x00000000ab800000,0x00000000ac12dc78,0x00000000ae400000)
 Metaspace       used 20414K, capacity 21192K, committed 21248K, reserved 1067008K
  class space    used 2829K, capacity 3016K, committed 3072K, reserved 1048576K
}
Event: 13.094 GC heap before
{Heap before GC invocations=5 (full 1):
 PSYoungGen      total 25600K, used 22016K [0x00000000e3d80000, 0x00000000e6f80000, 0x0000000100000000)
  eden space 22016K, 100% used [0x00000000e3d80000,0x00000000e5300000,0x00000000e5300000)
  from space 3584K, 0% used [0x00000000e5300000,0x00000000e5300000,0x00000000e5680000)
  to   space 3584K, 0% used [0x00000000e6c00000,0x00000000e6c00000,0x00000000e6f80000)
 ParOldGen       total 45056K, used 9399K [0x00000000ab800000, 0x00000000ae400000, 0x00000000e3d80000)
  object space 45056K, 20% used [0x00000000ab800000,0x00000000ac12dc78,0x00000000ae400000)
 Metaspace       used 23293K, capacity 24696K, committed 24832K, reserved 1071104K
  class space    used 3199K, capacity 3468K, committed 3584K, reserved 1048576K
Event: 13.118 GC heap after
Heap after GC invocations=5 (full 1):
 PSYoungGen      total 39424K, used 3568K [0x00000000e3d80000, 0x00000000e6f80000, 0x0000000100000000)
  eden space 35840K, 0% used [0x00000000e3d80000,0x00000000e3d80000,0x00000000e6080000)
  from space 3584K, 99% used [0x00000000e6c00000,0x00000000e6f7c1d0,0x00000000e6f80000)
  to   space 3584K, 0% used [0x00000000e6880000,0x00000000e6880000,0x00000000e6c00000)
 ParOldGen       total 45056K, used 11992K [0x00000000ab800000, 0x00000000ae400000, 0x00000000e3d80000)
  object space 45056K, 26% used [0x00000000ab800000,0x00000000ac3b6208,0x00000000ae400000)
 Metaspace       used 23293K, capacity 24696K, committed 24832K, reserved 1071104K
  class space    used 3199K, capacity 3468K, committed 3584K, reserved 1048576K
}

